#
# A fatal error has been detected by the Java Runtime Environment:
#
#  Internal Error (t:/workspace/open/src/hotspot/share/oops/generateOopMap.cpp:2162), pid=17688, tid=4544
#  fatal error: Illegal class file encountered. Try running with -Xverify:all in method calculateBalanceReturnsTotalOwedPerPerson
#
# JRE version: Java(TM) SE Runtime Environment (10.0.1+10) (build 10.0.1+10)
# Java VM: Java HotSpot(TM) 64-Bit Server VM (10.0.1+10, mixed mode, tiered, compressed oops, g1 gc, windows-amd64)
# No core dump will be written. Minidumps are not enabled by default on client versions of Windows
#
# If you would like to submit a bug report, please visit:
#   http://bugreport.java.com/bugreport/crash.jsp
#

---------------  S U M M A R Y ------------

Command Line: -agentlib:jdwp=transport=dt_socket,address=127.0.0.1:65304,suspend=y,server=n -ea -Didea.test.cyclic.buffer.size=1048576 -javaagent:C:\Users\jng\AppData\Local\Temp\capture2jars\debugger-agent.jar=file:/C:/Users/jng/AppData/Local/Temp/capture.props -Dfile.encoding=UTF-8 com.intellij.rt.execution.junit.JUnitStarter -ideVersion5 -junit4 TestDataHandler,calculateBalanceReturnsTotalOwedPerPerson

Host: Intel(R) Core(TM) i7-7700HQ CPU @ 2.80GHz, 8 cores, 31G,  Windows 10 , 64 bit Build 17134 (10.0.17134.1)
Time: Mon Jun 18 16:20:40 2018 GMT Summer Time elapsed time: 2824 seconds (0d 0h 47m 4s)

---------------  T H R E A D  ---------------

Current thread (0x0000026a7503b000):  VMThread "VM Thread" [stack: 0x000000bc17500000,0x000000bc17600000] [id=4544]

Stack: [0x000000bc17500000,0x000000bc17600000]
[error occurred during error reporting (printing stack bounds), id 0xe0000000]

Native frames: (J=compiled Java code, j=interpreted, Vv=VM code, C=native code)
V  [jvm.dll+0x5a0369]
V  [jvm.dll+0x6bcf81]
V  [jvm.dll+0x6be176]
V  [jvm.dll+0x6be765]
V  [jvm.dll+0x6be71b]
V  [jvm.dll+0x59fb63]
V  [jvm.dll+0x59ff68]
C  [ntdll.dll+0x9edcd]
C  [ntdll.dll+0x6c86]
C  [ntdll.dll+0x9dcfe]
C  0x0000026a4f980ead

VM_Operation (0x000000bc17fff430): GetOrSetLocal, mode: safepoint, requested by thread 0x0000026a75eaa000


---------------  P R O C E S S  ---------------

Threads class SMR info:
_java_thread_list=0x0000026a760f32d0, length=15, elements={
0x0000026a42e03000, 0x0000026a75050800, 0x0000026a7505a800, 0x0000026a75063800,
0x0000026a7504e000, 0x0000026a7504e800, 0x0000026a750b2800, 0x0000026a750b5000,
0x0000026a750b9000, 0x0000026a750c2000, 0x0000026a75eaa000, 0x0000026a75df2800,
0x0000026a75f29000, 0x0000026a75e1a800, 0x0000026a760ed800
}

Java Threads: ( => current thread )
  0x0000026a42e03000 JavaThread "main" [_thread_blocked, id=16960, stack(0x000000bc16000000,0x000000bc16100000)]
  0x0000026a75050800 JavaThread "Reference Handler" daemon [_thread_blocked, id=17976, stack(0x000000bc17600000,0x000000bc17700000)]
  0x0000026a7505a800 JavaThread "Finalizer" daemon [_thread_blocked, id=384, stack(0x000000bc17700000,0x000000bc17800000)]
  0x0000026a75063800 JavaThread "Signal Dispatcher" daemon [_thread_blocked, id=6876, stack(0x000000bc17800000,0x000000bc17900000)]
  0x0000026a7504e000 JavaThread "Attach Listener" daemon [_thread_blocked, id=16444, stack(0x000000bc17900000,0x000000bc17a00000)]
  0x0000026a7504e800 JavaThread "C2 CompilerThread0" daemon [_thread_blocked, id=14024, stack(0x000000bc17a00000,0x000000bc17b00000)]
  0x0000026a750b2800 JavaThread "C2 CompilerThread1" daemon [_thread_blocked, id=11320, stack(0x000000bc17b00000,0x000000bc17c00000)]
  0x0000026a750b5000 JavaThread "C2 CompilerThread2" daemon [_thread_blocked, id=13332, stack(0x000000bc17c00000,0x000000bc17d00000)]
  0x0000026a750b9000 JavaThread "C1 CompilerThread3" daemon [_thread_blocked, id=14636, stack(0x000000bc17d00000,0x000000bc17e00000)]
  0x0000026a750c2000 JavaThread "Sweeper thread" daemon [_thread_blocked, id=18024, stack(0x000000bc17e00000,0x000000bc17f00000)]
  0x0000026a75eaa000 JavaThread "JDWP Transport Listener: dt_socket" daemon [_thread_blocked, id=4832, stack(0x000000bc17f00000,0x000000bc18000000)] _threads_hazard_ptr=0x0000026a760f32d0
  0x0000026a75df2800 JavaThread "JDWP Event Helper Thread" daemon [_thread_blocked, id=17228, stack(0x000000bc18000000,0x000000bc18100000)]
  0x0000026a75f29000 JavaThread "JDWP Command Reader" daemon [_thread_in_native, id=11840, stack(0x000000bc18100000,0x000000bc18200000)]
  0x0000026a75e1a800 JavaThread "Common-Cleaner" daemon [_thread_blocked, id=15128, stack(0x000000bc18200000,0x000000bc18300000)]
  0x0000026a760ed800 JavaThread "Service Thread" daemon [_thread_blocked, id=16496, stack(0x000000bc18300000,0x000000bc18400000)]

Other Threads:
=>0x0000026a7503b000 VMThread "VM Thread" [stack: 0x000000bc17500000,0x000000bc17600000] [id=4544]
  0x0000026a760ef800 WatcherThread [stack: 0x000000bc18400000,0x000000bc18500000] [id=12236]
  0x0000026a42e1f000 GCTaskThread "GC Thread#0" [stack: 0x000000bc16100000,0x000000bc16200000] [id=9268]
  0x0000026a42e20800 GCTaskThread "GC Thread#1" [stack: 0x000000bc16200000,0x000000bc16300000] [id=12316]
  0x0000026a42e23800 GCTaskThread "GC Thread#2" [stack: 0x000000bc16300000,0x000000bc16400000] [id=4492]
  0x0000026a42e26000 GCTaskThread "GC Thread#3" [stack: 0x000000bc16400000,0x000000bc16500000] [id=18276]
  0x0000026a42e2a800 GCTaskThread "GC Thread#4" [stack: 0x000000bc16500000,0x000000bc16600000] [id=14112]
  0x0000026a42e30800 GCTaskThread "GC Thread#5" [stack: 0x000000bc16600000,0x000000bc16700000] [id=17044]
  0x0000026a42e32000 GCTaskThread "GC Thread#6" [stack: 0x000000bc16700000,0x000000bc16800000] [id=7008]
  0x0000026a42e33800 GCTaskThread "GC Thread#7" [stack: 0x000000bc16800000,0x000000bc16900000] [id=18180]
  0x0000026a42eaa000 ConcurrentGCThread "G1 Main Marker" [stack: 0x000000bc16900000,0x000000bc16a00000] [id=12120]
  0x0000026a42ead000 ConcurrentGCThread "G1 Conc#0" [stack: 0x000000bc16a00000,0x000000bc16b00000] [id=12348]
  0x0000026a42eb8000 ConcurrentGCThread "G1 Conc#1" [stack: 0x000000bc16b00000,0x000000bc16c00000] [id=13612]
  0x0000026a7243f800 ConcurrentGCThread "G1 Refine#0" [stack: 0x000000bc16c00000,0x000000bc16d00000] [id=12528]
  0x0000026a72440800 ConcurrentGCThread "G1 Refine#1" [stack: 0x000000bc16d00000,0x000000bc16e00000] [id=14368]
  0x0000026a72441800 ConcurrentGCThread "G1 Refine#2" [stack: 0x000000bc16e00000,0x000000bc16f00000] [id=18120]
  0x0000026a72444800 ConcurrentGCThread "G1 Refine#3" [stack: 0x000000bc16f00000,0x000000bc17000000] [id=5808]
  0x0000026a72445800 ConcurrentGCThread "G1 Refine#4" [stack: 0x000000bc17000000,0x000000bc17100000] [id=7184]
  0x0000026a72446800 ConcurrentGCThread "G1 Refine#5" [stack: 0x000000bc17100000,0x000000bc17200000] [id=1864]
  0x0000026a7244c800 ConcurrentGCThread "G1 Refine#6" [stack: 0x000000bc17200000,0x000000bc17300000] [id=16044]
  0x0000026a7244d000 ConcurrentGCThread "G1 Refine#7" [stack: 0x000000bc17300000,0x000000bc17400000] [id=17892]
  0x0000026a7244d800 ConcurrentGCThread "G1 Young RemSet Sampling" [stack: 0x000000bc17400000,0x000000bc17500000] [id=15896]

Threads with active compile tasks:

VM state:at safepoint (normal execution)

VM Mutex/Monitor currently owned by a thread:  ([mutex/lock_event])
[0x0000026a42e00660] Threads_lock - owner thread: 0x0000026a7503b000

Heap address: 0x00000005c2c00000, size: 8148 MB, Compressed Oops mode: Zero based, Oop shift amount: 3
Narrow klass base: 0x0000000000000000, Narrow klass shift: 3
Compressed class space size: 1073741824 Address: 0x00000007c0000000

Heap:
 garbage-first heap   total 522240K, used 8192K [0x00000005c2c00000, 0x00000007c0000000)
  region size 2048K, 5 young (10240K), 0 survivors (0K)
 Metaspace       used 8705K, capacity 8891K, committed 9088K, reserved 1056768K
  class space    used 775K, capacity 835K, committed 896K, reserved 1048576K
Heap Regions: E=young(eden), S=young(survivor), O=old, HS=humongous(starts), HC=humongous(continues), CS=collection set, F=free, A=archive, TS=gc time stamp, AC=allocation context, TAMS=top-at-mark-start (previous, next)
|   0|0x00000005c2c00000, 0x00000005c2c00000, 0x00000005c2e00000|  0%| F|  |TS  0|AC  0|TAMS 0x00000005c2c00000, 0x00000005c2c00000|
|   1|0x00000005c2e00000, 0x00000005c2e00000, 0x00000005c3000000|  0%| F|  |TS  0|AC  0|TAMS 0x00000005c2e00000, 0x00000005c2e00000|
|   2|0x00000005c3000000, 0x00000005c3000000, 0x00000005c3200000|  0%| F|  |TS  0|AC  0|TAMS 0x00000005c3000000, 0x00000005c3000000|
|   3|0x00000005c3200000, 0x00000005c3200000, 0x00000005c3400000|  0%| F|  |TS  0|AC  0|TAMS 0x00000005c3200000, 0x00000005c3200000|
|   4|0x00000005c3400000, 0x00000005c3400000, 0x00000005c3600000|  0%| F|  |TS  0|AC  0|TAMS 0x00000005c3400000, 0x00000005c3400000|
|   5|0x00000005c3600000, 0x00000005c3600000, 0x00000005c3800000|  0%| F|  |TS  0|AC  0|TAMS 0x00000005c3600000, 0x00000005c3600000|
|   6|0x00000005c3800000, 0x00000005c3800000, 0x00000005c3a00000|  0%| F|  |TS  0|AC  0|TAMS 0x00000005c3800000, 0x00000005c3800000|
|   7|0x00000005c3a00000, 0x00000005c3a00000, 0x00000005c3c00000|  0%| F|  |TS  0|AC  0|TAMS 0x00000005c3a00000, 0x00000005c3a00000|
|   8|0x00000005c3c00000, 0x00000005c3c00000, 0x00000005c3e00000|  0%| F|  |TS  0|AC  0|TAMS 0x00000005c3c00000, 0x00000005c3c00000|
|   9|0x00000005c3e00000, 0x00000005c3e00000, 0x00000005c4000000|  0%| F|  |TS  0|AC  0|TAMS 0x00000005c3e00000, 0x00000005c3e00000|
|  10|0x00000005c4000000, 0x00000005c4000000, 0x00000005c4200000|  0%| F|  |TS  0|AC  0|TAMS 0x00000005c4000000, 0x00000005c4000000|
|  11|0x00000005c4200000, 0x00000005c4200000, 0x00000005c4400000|  0%| F|  |TS  0|AC  0|TAMS 0x00000005c4200000, 0x00000005c4200000|
|  12|0x00000005c4400000, 0x00000005c4400000, 0x00000005c4600000|  0%| F|  |TS  0|AC  0|TAMS 0x00000005c4400000, 0x00000005c4400000|
|  13|0x00000005c4600000, 0x00000005c4600000, 0x00000005c4800000|  0%| F|  |TS  0|AC  0|TAMS 0x00000005c4600000, 0x00000005c4600000|
|  14|0x00000005c4800000, 0x00000005c4800000, 0x00000005c4a00000|  0%| F|  |TS  0|AC  0|TAMS 0x00000005c4800000, 0x00000005c4800000|
|  15|0x00000005c4a00000, 0x00000005c4a00000, 0x00000005c4c00000|  0%| F|  |TS  0|AC  0|TAMS 0x00000005c4a00000, 0x00000005c4a00000|
|  16|0x00000005c4c00000, 0x00000005c4c00000, 0x00000005c4e00000|  0%| F|  |TS  0|AC  0|TAMS 0x00000005c4c00000, 0x00000005c4c00000|
|  17|0x00000005c4e00000, 0x00000005c4e00000, 0x00000005c5000000|  0%| F|  |TS  0|AC  0|TAMS 0x00000005c4e00000, 0x00000005c4e00000|
|  18|0x00000005c5000000, 0x00000005c5000000, 0x00000005c5200000|  0%| F|  |TS  0|AC  0|TAMS 0x00000005c5000000, 0x00000005c5000000|
|  19|0x00000005c5200000, 0x00000005c5200000, 0x00000005c5400000|  0%| F|  |TS  0|AC  0|TAMS 0x00000005c5200000, 0x00000005c5200000|
|  20|0x00000005c5400000, 0x00000005c5400000, 0x00000005c5600000|  0%| F|  |TS  0|AC  0|TAMS 0x00000005c5400000, 0x00000005c5400000|
|  21|0x00000005c5600000, 0x00000005c5600000, 0x00000005c5800000|  0%| F|  |TS  0|AC  0|TAMS 0x00000005c5600000, 0x00000005c5600000|
|  22|0x00000005c5800000, 0x00000005c5800000, 0x00000005c5a00000|  0%| F|  |TS  0|AC  0|TAMS 0x00000005c5800000, 0x00000005c5800000|
|  23|0x00000005c5a00000, 0x00000005c5a00000, 0x00000005c5c00000|  0%| F|  |TS  0|AC  0|TAMS 0x00000005c5a00000, 0x00000005c5a00000|
|  24|0x00000005c5c00000, 0x00000005c5c00000, 0x00000005c5e00000|  0%| F|  |TS  0|AC  0|TAMS 0x00000005c5c00000, 0x00000005c5c00000|
|  25|0x00000005c5e00000, 0x00000005c5e00000, 0x00000005c6000000|  0%| F|  |TS  0|AC  0|TAMS 0x00000005c5e00000, 0x00000005c5e00000|
|  26|0x00000005c6000000, 0x00000005c6000000, 0x00000005c6200000|  0%| F|  |TS  0|AC  0|TAMS 0x00000005c6000000, 0x00000005c6000000|
|  27|0x00000005c6200000, 0x00000005c6200000, 0x00000005c6400000|  0%| F|  |TS  0|AC  0|TAMS 0x00000005c6200000, 0x00000005c6200000|
|  28|0x00000005c6400000, 0x00000005c6400000, 0x00000005c6600000|  0%| F|  |TS  0|AC  0|TAMS 0x00000005c6400000, 0x00000005c6400000|
|  29|0x00000005c6600000, 0x00000005c6600000, 0x00000005c6800000|  0%| F|  |TS  0|AC  0|TAMS 0x00000005c6600000, 0x00000005c6600000|
|  30|0x00000005c6800000, 0x00000005c6800000, 0x00000005c6a00000|  0%| F|  |TS  0|AC  0|TAMS 0x00000005c6800000, 0x00000005c6800000|
|  31|0x00000005c6a00000, 0x00000005c6a00000, 0x00000005c6c00000|  0%| F|  |TS  0|AC  0|TAMS 0x00000005c6a00000, 0x00000005c6a00000|
|  32|0x00000005c6c00000, 0x00000005c6c00000, 0x00000005c6e00000|  0%| F|  |TS  0|AC  0|TAMS 0x00000005c6c00000, 0x00000005c6c00000|
|  33|0x00000005c6e00000, 0x00000005c6e00000, 0x00000005c7000000|  0%| F|  |TS  0|AC  0|TAMS 0x00000005c6e00000, 0x00000005c6e00000|
|  34|0x00000005c7000000, 0x00000005c7000000, 0x00000005c7200000|  0%| F|  |TS  0|AC  0|TAMS 0x00000005c7000000, 0x00000005c7000000|
|  35|0x00000005c7200000, 0x00000005c7200000, 0x00000005c7400000|  0%| F|  |TS  0|AC  0|TAMS 0x00000005c7200000, 0x00000005c7200000|
|  36|0x00000005c7400000, 0x00000005c7400000, 0x00000005c7600000|  0%| F|  |TS  0|AC  0|TAMS 0x00000005c7400000, 0x00000005c7400000|
|  37|0x00000005c7600000, 0x00000005c7600000, 0x00000005c7800000|  0%| F|  |TS  0|AC  0|TAMS 0x00000005c7600000, 0x00000005c7600000|
|  38|0x00000005c7800000, 0x00000005c7800000, 0x00000005c7a00000|  0%| F|  |TS  0|AC  0|TAMS 0x00000005c7800000, 0x00000005c7800000|
|  39|0x00000005c7a00000, 0x00000005c7a00000, 0x00000005c7c00000|  0%| F|  |TS  0|AC  0|TAMS 0x00000005c7a00000, 0x00000005c7a00000|
|  40|0x00000005c7c00000, 0x00000005c7c00000, 0x00000005c7e00000|  0%| F|  |TS  0|AC  0|TAMS 0x00000005c7c00000, 0x00000005c7c00000|
|  41|0x00000005c7e00000, 0x00000005c7e00000, 0x00000005c8000000|  0%| F|  |TS  0|AC  0|TAMS 0x00000005c7e00000, 0x00000005c7e00000|
|  42|0x00000005c8000000, 0x00000005c8000000, 0x00000005c8200000|  0%| F|  |TS  0|AC  0|TAMS 0x00000005c8000000, 0x00000005c8000000|
|  43|0x00000005c8200000, 0x00000005c8200000, 0x00000005c8400000|  0%| F|  |TS  0|AC  0|TAMS 0x00000005c8200000, 0x00000005c8200000|
|  44|0x00000005c8400000, 0x00000005c8400000, 0x00000005c8600000|  0%| F|  |TS  0|AC  0|TAMS 0x00000005c8400000, 0x00000005c8400000|
|  45|0x00000005c8600000, 0x00000005c8600000, 0x00000005c8800000|  0%| F|  |TS  0|AC  0|TAMS 0x00000005c8600000, 0x00000005c8600000|
|  46|0x00000005c8800000, 0x00000005c8800000, 0x00000005c8a00000|  0%| F|  |TS  0|AC  0|TAMS 0x00000005c8800000, 0x00000005c8800000|
|  47|0x00000005c8a00000, 0x00000005c8a00000, 0x00000005c8c00000|  0%| F|  |TS  0|AC  0|TAMS 0x00000005c8a00000, 0x00000005c8a00000|
|  48|0x00000005c8c00000, 0x00000005c8c00000, 0x00000005c8e00000|  0%| F|  |TS  0|AC  0|TAMS 0x00000005c8c00000, 0x00000005c8c00000|
|  49|0x00000005c8e00000, 0x00000005c8e00000, 0x00000005c9000000|  0%| F|  |TS  0|AC  0|TAMS 0x00000005c8e00000, 0x00000005c8e00000|
|  50|0x00000005c9000000, 0x00000005c9000000, 0x00000005c9200000|  0%| F|  |TS  0|AC  0|TAMS 0x00000005c9000000, 0x00000005c9000000|
|  51|0x00000005c9200000, 0x00000005c9200000, 0x00000005c9400000|  0%| F|  |TS  0|AC  0|TAMS 0x00000005c9200000, 0x00000005c9200000|
|  52|0x00000005c9400000, 0x00000005c9400000, 0x00000005c9600000|  0%| F|  |TS  0|AC  0|TAMS 0x00000005c9400000, 0x00000005c9400000|
|  53|0x00000005c9600000, 0x00000005c9600000, 0x00000005c9800000|  0%| F|  |TS  0|AC  0|TAMS 0x00000005c9600000, 0x00000005c9600000|
|  54|0x00000005c9800000, 0x00000005c9800000, 0x00000005c9a00000|  0%| F|  |TS  0|AC  0|TAMS 0x00000005c9800000, 0x00000005c9800000|
|  55|0x00000005c9a00000, 0x00000005c9a00000, 0x00000005c9c00000|  0%| F|  |TS  0|AC  0|TAMS 0x00000005c9a00000, 0x00000005c9a00000|
|  56|0x00000005c9c00000, 0x00000005c9c00000, 0x00000005c9e00000|  0%| F|  |TS  0|AC  0|TAMS 0x00000005c9c00000, 0x00000005c9c00000|
|  57|0x00000005c9e00000, 0x00000005c9e00000, 0x00000005ca000000|  0%| F|  |TS  0|AC  0|TAMS 0x00000005c9e00000, 0x00000005c9e00000|
|  58|0x00000005ca000000, 0x00000005ca000000, 0x00000005ca200000|  0%| F|  |TS  0|AC  0|TAMS 0x00000005ca000000, 0x00000005ca000000|
|  59|0x00000005ca200000, 0x00000005ca200000, 0x00000005ca400000|  0%| F|  |TS  0|AC  0|TAMS 0x00000005ca200000, 0x00000005ca200000|
|  60|0x00000005ca400000, 0x00000005ca400000, 0x00000005ca600000|  0%| F|  |TS  0|AC  0|TAMS 0x00000005ca400000, 0x00000005ca400000|
|  61|0x00000005ca600000, 0x00000005ca600000, 0x00000005ca800000|  0%| F|  |TS  0|AC  0|TAMS 0x00000005ca600000, 0x00000005ca600000|
|  62|0x00000005ca800000, 0x00000005ca800000, 0x00000005caa00000|  0%| F|  |TS  0|AC  0|TAMS 0x00000005ca800000, 0x00000005ca800000|
|  63|0x00000005caa00000, 0x00000005caa00000, 0x00000005cac00000|  0%| F|  |TS  0|AC  0|TAMS 0x00000005caa00000, 0x00000005caa00000|
|  64|0x00000005cac00000, 0x00000005cac00000, 0x00000005cae00000|  0%| F|  |TS  0|AC  0|TAMS 0x00000005cac00000, 0x00000005cac00000|
|  65|0x00000005cae00000, 0x00000005cae00000, 0x00000005cb000000|  0%| F|  |TS  0|AC  0|TAMS 0x00000005cae00000, 0x00000005cae00000|
|  66|0x00000005cb000000, 0x00000005cb000000, 0x00000005cb200000|  0%| F|  |TS  0|AC  0|TAMS 0x00000005cb000000, 0x00000005cb000000|
|  67|0x00000005cb200000, 0x00000005cb200000, 0x00000005cb400000|  0%| F|  |TS  0|AC  0|TAMS 0x00000005cb200000, 0x00000005cb200000|
|  68|0x00000005cb400000, 0x00000005cb400000, 0x00000005cb600000|  0%| F|  |TS  0|AC  0|TAMS 0x00000005cb400000, 0x00000005cb400000|
|  69|0x00000005cb600000, 0x00000005cb600000, 0x00000005cb800000|  0%| F|  |TS  0|AC  0|TAMS 0x00000005cb600000, 0x00000005cb600000|
|  70|0x00000005cb800000, 0x00000005cb800000, 0x00000005cba00000|  0%| F|  |TS  0|AC  0|TAMS 0x00000005cb800000, 0x00000005cb800000|
|  71|0x00000005cba00000, 0x00000005cba00000, 0x00000005cbc00000|  0%| F|  |TS  0|AC  0|TAMS 0x00000005cba00000, 0x00000005cba00000|
|  72|0x00000005cbc00000, 0x00000005cbc00000, 0x00000005cbe00000|  0%| F|  |TS  0|AC  0|TAMS 0x00000005cbc00000, 0x00000005cbc00000|
|  73|0x00000005cbe00000, 0x00000005cbe00000, 0x00000005cc000000|  0%| F|  |TS  0|AC  0|TAMS 0x00000005cbe00000, 0x00000005cbe00000|
|  74|0x00000005cc000000, 0x00000005cc000000, 0x00000005cc200000|  0%| F|  |TS  0|AC  0|TAMS 0x00000005cc000000, 0x00000005cc000000|
|  75|0x00000005cc200000, 0x00000005cc200000, 0x00000005cc400000|  0%| F|  |TS  0|AC  0|TAMS 0x00000005cc200000, 0x00000005cc200000|
|  76|0x00000005cc400000, 0x00000005cc400000, 0x00000005cc600000|  0%| F|  |TS  0|AC  0|TAMS 0x00000005cc400000, 0x00000005cc400000|
|  77|0x00000005cc600000, 0x00000005cc600000, 0x00000005cc800000|  0%| F|  |TS  0|AC  0|TAMS 0x00000005cc600000, 0x00000005cc600000|
|  78|0x00000005cc800000, 0x00000005cc800000, 0x00000005cca00000|  0%| F|  |TS  0|AC  0|TAMS 0x00000005cc800000, 0x00000005cc800000|
|  79|0x00000005cca00000, 0x00000005cca00000, 0x00000005ccc00000|  0%| F|  |TS  0|AC  0|TAMS 0x00000005cca00000, 0x00000005cca00000|
|  80|0x00000005ccc00000, 0x00000005ccc00000, 0x00000005cce00000|  0%| F|  |TS  0|AC  0|TAMS 0x00000005ccc00000, 0x00000005ccc00000|
|  81|0x00000005cce00000, 0x00000005cce00000, 0x00000005cd000000|  0%| F|  |TS  0|AC  0|TAMS 0x00000005cce00000, 0x00000005cce00000|
|  82|0x00000005cd000000, 0x00000005cd000000, 0x00000005cd200000|  0%| F|  |TS  0|AC  0|TAMS 0x00000005cd000000, 0x00000005cd000000|
|  83|0x00000005cd200000, 0x00000005cd200000, 0x00000005cd400000|  0%| F|  |TS  0|AC  0|TAMS 0x00000005cd200000, 0x00000005cd200000|
|  84|0x00000005cd400000, 0x00000005cd400000, 0x00000005cd600000|  0%| F|  |TS  0|AC  0|TAMS 0x00000005cd400000, 0x00000005cd400000|
|  85|0x00000005cd600000, 0x00000005cd600000, 0x00000005cd800000|  0%| F|  |TS  0|AC  0|TAMS 0x00000005cd600000, 0x00000005cd600000|
|  86|0x00000005cd800000, 0x00000005cd800000, 0x00000005cda00000|  0%| F|  |TS  0|AC  0|TAMS 0x00000005cd800000, 0x00000005cd800000|
|  87|0x00000005cda00000, 0x00000005cda00000, 0x00000005cdc00000|  0%| F|  |TS  0|AC  0|TAMS 0x00000005cda00000, 0x00000005cda00000|
|  88|0x00000005cdc00000, 0x00000005cdc00000, 0x00000005cde00000|  0%| F|  |TS  0|AC  0|TAMS 0x00000005cdc00000, 0x00000005cdc00000|
|  89|0x00000005cde00000, 0x00000005cde00000, 0x00000005ce000000|  0%| F|  |TS  0|AC  0|TAMS 0x00000005cde00000, 0x00000005cde00000|
|  90|0x00000005ce000000, 0x00000005ce000000, 0x00000005ce200000|  0%| F|  |TS  0|AC  0|TAMS 0x00000005ce000000, 0x00000005ce000000|
|  91|0x00000005ce200000, 0x00000005ce200000, 0x00000005ce400000|  0%| F|  |TS  0|AC  0|TAMS 0x00000005ce200000, 0x00000005ce200000|
|  92|0x00000005ce400000, 0x00000005ce400000, 0x00000005ce600000|  0%| F|  |TS  0|AC  0|TAMS 0x00000005ce400000, 0x00000005ce400000|
|  93|0x00000005ce600000, 0x00000005ce600000, 0x00000005ce800000|  0%| F|  |TS  0|AC  0|TAMS 0x00000005ce600000, 0x00000005ce600000|
|  94|0x00000005ce800000, 0x00000005ce800000, 0x00000005cea00000|  0%| F|  |TS  0|AC  0|TAMS 0x00000005ce800000, 0x00000005ce800000|
|  95|0x00000005cea00000, 0x00000005cea00000, 0x00000005cec00000|  0%| F|  |TS  0|AC  0|TAMS 0x00000005cea00000, 0x00000005cea00000|
|  96|0x00000005cec00000, 0x00000005cec00000, 0x00000005cee00000|  0%| F|  |TS  0|AC  0|TAMS 0x00000005cec00000, 0x00000005cec00000|
|  97|0x00000005cee00000, 0x00000005cee00000, 0x00000005cf000000|  0%| F|  |TS  0|AC  0|TAMS 0x00000005cee00000, 0x00000005cee00000|
|  98|0x00000005cf000000, 0x00000005cf000000, 0x00000005cf200000|  0%| F|  |TS  0|AC  0|TAMS 0x00000005cf000000, 0x00000005cf000000|
|  99|0x00000005cf200000, 0x00000005cf200000, 0x00000005cf400000|  0%| F|  |TS  0|AC  0|TAMS 0x00000005cf200000, 0x00000005cf200000|
| 100|0x00000005cf400000, 0x00000005cf400000, 0x00000005cf600000|  0%| F|  |TS  0|AC  0|TAMS 0x00000005cf400000, 0x00000005cf400000|
| 101|0x00000005cf600000, 0x00000005cf600000, 0x00000005cf800000|  0%| F|  |TS  0|AC  0|TAMS 0x00000005cf600000, 0x00000005cf600000|
| 102|0x00000005cf800000, 0x00000005cf800000, 0x00000005cfa00000|  0%| F|  |TS  0|AC  0|TAMS 0x00000005cf800000, 0x00000005cf800000|
| 103|0x00000005cfa00000, 0x00000005cfa00000, 0x00000005cfc00000|  0%| F|  |TS  0|AC  0|TAMS 0x00000005cfa00000, 0x00000005cfa00000|
| 104|0x00000005cfc00000, 0x00000005cfc00000, 0x00000005cfe00000|  0%| F|  |TS  0|AC  0|TAMS 0x00000005cfc00000, 0x00000005cfc00000|
| 105|0x00000005cfe00000, 0x00000005cfe00000, 0x00000005d0000000|  0%| F|  |TS  0|AC  0|TAMS 0x00000005cfe00000, 0x00000005cfe00000|
| 106|0x00000005d0000000, 0x00000005d0000000, 0x00000005d0200000|  0%| F|  |TS  0|AC  0|TAMS 0x00000005d0000000, 0x00000005d0000000|
| 107|0x00000005d0200000, 0x00000005d0200000, 0x00000005d0400000|  0%| F|  |TS  0|AC  0|TAMS 0x00000005d0200000, 0x00000005d0200000|
| 108|0x00000005d0400000, 0x00000005d0400000, 0x00000005d0600000|  0%| F|  |TS  0|AC  0|TAMS 0x00000005d0400000, 0x00000005d0400000|
| 109|0x00000005d0600000, 0x00000005d0600000, 0x00000005d0800000|  0%| F|  |TS  0|AC  0|TAMS 0x00000005d0600000, 0x00000005d0600000|
| 110|0x00000005d0800000, 0x00000005d0800000, 0x00000005d0a00000|  0%| F|  |TS  0|AC  0|TAMS 0x00000005d0800000, 0x00000005d0800000|
| 111|0x00000005d0a00000, 0x00000005d0a00000, 0x00000005d0c00000|  0%| F|  |TS  0|AC  0|TAMS 0x00000005d0a00000, 0x00000005d0a00000|
| 112|0x00000005d0c00000, 0x00000005d0c00000, 0x00000005d0e00000|  0%| F|  |TS  0|AC  0|TAMS 0x00000005d0c00000, 0x00000005d0c00000|
| 113|0x00000005d0e00000, 0x00000005d0e00000, 0x00000005d1000000|  0%| F|  |TS  0|AC  0|TAMS 0x00000005d0e00000, 0x00000005d0e00000|
| 114|0x00000005d1000000, 0x00000005d1000000, 0x00000005d1200000|  0%| F|  |TS  0|AC  0|TAMS 0x00000005d1000000, 0x00000005d1000000|
| 115|0x00000005d1200000, 0x00000005d1200000, 0x00000005d1400000|  0%| F|  |TS  0|AC  0|TAMS 0x00000005d1200000, 0x00000005d1200000|
| 116|0x00000005d1400000, 0x00000005d1400000, 0x00000005d1600000|  0%| F|  |TS  0|AC  0|TAMS 0x00000005d1400000, 0x00000005d1400000|
| 117|0x00000005d1600000, 0x00000005d1600000, 0x00000005d1800000|  0%| F|  |TS  0|AC  0|TAMS 0x00000005d1600000, 0x00000005d1600000|
| 118|0x00000005d1800000, 0x00000005d1800000, 0x00000005d1a00000|  0%| F|  |TS  0|AC  0|TAMS 0x00000005d1800000, 0x00000005d1800000|
| 119|0x00000005d1a00000, 0x00000005d1a00000, 0x00000005d1c00000|  0%| F|  |TS  0|AC  0|TAMS 0x00000005d1a00000, 0x00000005d1a00000|
| 120|0x00000005d1c00000, 0x00000005d1c00000, 0x00000005d1e00000|  0%| F|  |TS  0|AC  0|TAMS 0x00000005d1c00000, 0x00000005d1c00000|
| 121|0x00000005d1e00000, 0x00000005d1e00000, 0x00000005d2000000|  0%| F|  |TS  0|AC  0|TAMS 0x00000005d1e00000, 0x00000005d1e00000|
| 122|0x00000005d2000000, 0x00000005d2000000, 0x00000005d2200000|  0%| F|  |TS  0|AC  0|TAMS 0x00000005d2000000, 0x00000005d2000000|
| 123|0x00000005d2200000, 0x00000005d2200000, 0x00000005d2400000|  0%| F|  |TS  0|AC  0|TAMS 0x00000005d2200000, 0x00000005d2200000|
| 124|0x00000005d2400000, 0x00000005d2400000, 0x00000005d2600000|  0%| F|  |TS  0|AC  0|TAMS 0x00000005d2400000, 0x00000005d2400000|
| 125|0x00000005d2600000, 0x00000005d2600000, 0x00000005d2800000|  0%| F|  |TS  0|AC  0|TAMS 0x00000005d2600000, 0x00000005d2600000|
| 126|0x00000005d2800000, 0x00000005d2800000, 0x00000005d2a00000|  0%| F|  |TS  0|AC  0|TAMS 0x00000005d2800000, 0x00000005d2800000|
| 127|0x00000005d2a00000, 0x00000005d2a00000, 0x00000005d2c00000|  0%| F|  |TS  0|AC  0|TAMS 0x00000005d2a00000, 0x00000005d2a00000|
| 128|0x00000005d2c00000, 0x00000005d2c00000, 0x00000005d2e00000|  0%| F|  |TS  0|AC  0|TAMS 0x00000005d2c00000, 0x00000005d2c00000|
| 129|0x00000005d2e00000, 0x00000005d2e00000, 0x00000005d3000000|  0%| F|  |TS  0|AC  0|TAMS 0x00000005d2e00000, 0x00000005d2e00000|
| 130|0x00000005d3000000, 0x00000005d3000000, 0x00000005d3200000|  0%| F|  |TS  0|AC  0|TAMS 0x00000005d3000000, 0x00000005d3000000|
| 131|0x00000005d3200000, 0x00000005d3200000, 0x00000005d3400000|  0%| F|  |TS  0|AC  0|TAMS 0x00000005d3200000, 0x00000005d3200000|
| 132|0x00000005d3400000, 0x00000005d3400000, 0x00000005d3600000|  0%| F|  |TS  0|AC  0|TAMS 0x00000005d3400000, 0x00000005d3400000|
| 133|0x00000005d3600000, 0x00000005d3600000, 0x00000005d3800000|  0%| F|  |TS  0|AC  0|TAMS 0x00000005d3600000, 0x00000005d3600000|
| 134|0x00000005d3800000, 0x00000005d3800000, 0x00000005d3a00000|  0%| F|  |TS  0|AC  0|TAMS 0x00000005d3800000, 0x00000005d3800000|
| 135|0x00000005d3a00000, 0x00000005d3a00000, 0x00000005d3c00000|  0%| F|  |TS  0|AC  0|TAMS 0x00000005d3a00000, 0x00000005d3a00000|
| 136|0x00000005d3c00000, 0x00000005d3c00000, 0x00000005d3e00000|  0%| F|  |TS  0|AC  0|TAMS 0x00000005d3c00000, 0x00000005d3c00000|
| 137|0x00000005d3e00000, 0x00000005d3e00000, 0x00000005d4000000|  0%| F|  |TS  0|AC  0|TAMS 0x00000005d3e00000, 0x00000005d3e00000|
| 138|0x00000005d4000000, 0x00000005d4000000, 0x00000005d4200000|  0%| F|  |TS  0|AC  0|TAMS 0x00000005d4000000, 0x00000005d4000000|
| 139|0x00000005d4200000, 0x00000005d4200000, 0x00000005d4400000|  0%| F|  |TS  0|AC  0|TAMS 0x00000005d4200000, 0x00000005d4200000|
| 140|0x00000005d4400000, 0x00000005d4400000, 0x00000005d4600000|  0%| F|  |TS  0|AC  0|TAMS 0x00000005d4400000, 0x00000005d4400000|
| 141|0x00000005d4600000, 0x00000005d4600000, 0x00000005d4800000|  0%| F|  |TS  0|AC  0|TAMS 0x00000005d4600000, 0x00000005d4600000|
| 142|0x00000005d4800000, 0x00000005d4800000, 0x00000005d4a00000|  0%| F|  |TS  0|AC  0|TAMS 0x00000005d4800000, 0x00000005d4800000|
| 143|0x00000005d4a00000, 0x00000005d4a00000, 0x00000005d4c00000|  0%| F|  |TS  0|AC  0|TAMS 0x00000005d4a00000, 0x00000005d4a00000|
| 144|0x00000005d4c00000, 0x00000005d4c00000, 0x00000005d4e00000|  0%| F|  |TS  0|AC  0|TAMS 0x00000005d4c00000, 0x00000005d4c00000|
| 145|0x00000005d4e00000, 0x00000005d4e00000, 0x00000005d5000000|  0%| F|  |TS  0|AC  0|TAMS 0x00000005d4e00000, 0x00000005d4e00000|
| 146|0x00000005d5000000, 0x00000005d5000000, 0x00000005d5200000|  0%| F|  |TS  0|AC  0|TAMS 0x00000005d5000000, 0x00000005d5000000|
| 147|0x00000005d5200000, 0x00000005d5200000, 0x00000005d5400000|  0%| F|  |TS  0|AC  0|TAMS 0x00000005d5200000, 0x00000005d5200000|
| 148|0x00000005d5400000, 0x00000005d5400000, 0x00000005d5600000|  0%| F|  |TS  0|AC  0|TAMS 0x00000005d5400000, 0x00000005d5400000|
| 149|0x00000005d5600000, 0x00000005d5600000, 0x00000005d5800000|  0%| F|  |TS  0|AC  0|TAMS 0x00000005d5600000, 0x00000005d5600000|
| 150|0x00000005d5800000, 0x00000005d5800000, 0x00000005d5a00000|  0%| F|  |TS  0|AC  0|TAMS 0x00000005d5800000, 0x00000005d5800000|
| 151|0x00000005d5a00000, 0x00000005d5a00000, 0x00000005d5c00000|  0%| F|  |TS  0|AC  0|TAMS 0x00000005d5a00000, 0x00000005d5a00000|
| 152|0x00000005d5c00000, 0x00000005d5c00000, 0x00000005d5e00000|  0%| F|  |TS  0|AC  0|TAMS 0x00000005d5c00000, 0x00000005d5c00000|
| 153|0x00000005d5e00000, 0x00000005d5e00000, 0x00000005d6000000|  0%| F|  |TS  0|AC  0|TAMS 0x00000005d5e00000, 0x00000005d5e00000|
| 154|0x00000005d6000000, 0x00000005d6000000, 0x00000005d6200000|  0%| F|  |TS  0|AC  0|TAMS 0x00000005d6000000, 0x00000005d6000000|
| 155|0x00000005d6200000, 0x00000005d6200000, 0x00000005d6400000|  0%| F|  |TS  0|AC  0|TAMS 0x00000005d6200000, 0x00000005d6200000|
| 156|0x00000005d6400000, 0x00000005d6400000, 0x00000005d6600000|  0%| F|  |TS  0|AC  0|TAMS 0x00000005d6400000, 0x00000005d6400000|
| 157|0x00000005d6600000, 0x00000005d6600000, 0x00000005d6800000|  0%| F|  |TS  0|AC  0|TAMS 0x00000005d6600000, 0x00000005d6600000|
| 158|0x00000005d6800000, 0x00000005d6800000, 0x00000005d6a00000|  0%| F|  |TS  0|AC  0|TAMS 0x00000005d6800000, 0x00000005d6800000|
| 159|0x00000005d6a00000, 0x00000005d6a00000, 0x00000005d6c00000|  0%| F|  |TS  0|AC  0|TAMS 0x00000005d6a00000, 0x00000005d6a00000|
| 160|0x00000005d6c00000, 0x00000005d6c00000, 0x00000005d6e00000|  0%| F|  |TS  0|AC  0|TAMS 0x00000005d6c00000, 0x00000005d6c00000|
| 161|0x00000005d6e00000, 0x00000005d6e00000, 0x00000005d7000000|  0%| F|  |TS  0|AC  0|TAMS 0x00000005d6e00000, 0x00000005d6e00000|
| 162|0x00000005d7000000, 0x00000005d7000000, 0x00000005d7200000|  0%| F|  |TS  0|AC  0|TAMS 0x00000005d7000000, 0x00000005d7000000|
| 163|0x00000005d7200000, 0x00000005d7200000, 0x00000005d7400000|  0%| F|  |TS  0|AC  0|TAMS 0x00000005d7200000, 0x00000005d7200000|
| 164|0x00000005d7400000, 0x00000005d7400000, 0x00000005d7600000|  0%| F|  |TS  0|AC  0|TAMS 0x00000005d7400000, 0x00000005d7400000|
| 165|0x00000005d7600000, 0x00000005d7600000, 0x00000005d7800000|  0%| F|  |TS  0|AC  0|TAMS 0x00000005d7600000, 0x00000005d7600000|
| 166|0x00000005d7800000, 0x00000005d7800000, 0x00000005d7a00000|  0%| F|  |TS  0|AC  0|TAMS 0x00000005d7800000, 0x00000005d7800000|
| 167|0x00000005d7a00000, 0x00000005d7a00000, 0x00000005d7c00000|  0%| F|  |TS  0|AC  0|TAMS 0x00000005d7a00000, 0x00000005d7a00000|
| 168|0x00000005d7c00000, 0x00000005d7c00000, 0x00000005d7e00000|  0%| F|  |TS  0|AC  0|TAMS 0x00000005d7c00000, 0x00000005d7c00000|
| 169|0x00000005d7e00000, 0x00000005d7e00000, 0x00000005d8000000|  0%| F|  |TS  0|AC  0|TAMS 0x00000005d7e00000, 0x00000005d7e00000|
| 170|0x00000005d8000000, 0x00000005d8000000, 0x00000005d8200000|  0%| F|  |TS  0|AC  0|TAMS 0x00000005d8000000, 0x00000005d8000000|
| 171|0x00000005d8200000, 0x00000005d8200000, 0x00000005d8400000|  0%| F|  |TS  0|AC  0|TAMS 0x00000005d8200000, 0x00000005d8200000|
| 172|0x00000005d8400000, 0x00000005d8400000, 0x00000005d8600000|  0%| F|  |TS  0|AC  0|TAMS 0x00000005d8400000, 0x00000005d8400000|
| 173|0x00000005d8600000, 0x00000005d8600000, 0x00000005d8800000|  0%| F|  |TS  0|AC  0|TAMS 0x00000005d8600000, 0x00000005d8600000|
| 174|0x00000005d8800000, 0x00000005d8800000, 0x00000005d8a00000|  0%| F|  |TS  0|AC  0|TAMS 0x00000005d8800000, 0x00000005d8800000|
| 175|0x00000005d8a00000, 0x00000005d8a00000, 0x00000005d8c00000|  0%| F|  |TS  0|AC  0|TAMS 0x00000005d8a00000, 0x00000005d8a00000|
| 176|0x00000005d8c00000, 0x00000005d8c00000, 0x00000005d8e00000|  0%| F|  |TS  0|AC  0|TAMS 0x00000005d8c00000, 0x00000005d8c00000|
| 177|0x00000005d8e00000, 0x00000005d8e00000, 0x00000005d9000000|  0%| F|  |TS  0|AC  0|TAMS 0x00000005d8e00000, 0x00000005d8e00000|
| 178|0x00000005d9000000, 0x00000005d9000000, 0x00000005d9200000|  0%| F|  |TS  0|AC  0|TAMS 0x00000005d9000000, 0x00000005d9000000|
| 179|0x00000005d9200000, 0x00000005d9200000, 0x00000005d9400000|  0%| F|  |TS  0|AC  0|TAMS 0x00000005d9200000, 0x00000005d9200000|
| 180|0x00000005d9400000, 0x00000005d9400000, 0x00000005d9600000|  0%| F|  |TS  0|AC  0|TAMS 0x00000005d9400000, 0x00000005d9400000|
| 181|0x00000005d9600000, 0x00000005d9600000, 0x00000005d9800000|  0%| F|  |TS  0|AC  0|TAMS 0x00000005d9600000, 0x00000005d9600000|
| 182|0x00000005d9800000, 0x00000005d9800000, 0x00000005d9a00000|  0%| F|  |TS  0|AC  0|TAMS 0x00000005d9800000, 0x00000005d9800000|
| 183|0x00000005d9a00000, 0x00000005d9a00000, 0x00000005d9c00000|  0%| F|  |TS  0|AC  0|TAMS 0x00000005d9a00000, 0x00000005d9a00000|
| 184|0x00000005d9c00000, 0x00000005d9c00000, 0x00000005d9e00000|  0%| F|  |TS  0|AC  0|TAMS 0x00000005d9c00000, 0x00000005d9c00000|
| 185|0x00000005d9e00000, 0x00000005d9e00000, 0x00000005da000000|  0%| F|  |TS  0|AC  0|TAMS 0x00000005d9e00000, 0x00000005d9e00000|
| 186|0x00000005da000000, 0x00000005da000000, 0x00000005da200000|  0%| F|  |TS  0|AC  0|TAMS 0x00000005da000000, 0x00000005da000000|
| 187|0x00000005da200000, 0x00000005da200000, 0x00000005da400000|  0%| F|  |TS  0|AC  0|TAMS 0x00000005da200000, 0x00000005da200000|
| 188|0x00000005da400000, 0x00000005da400000, 0x00000005da600000|  0%| F|  |TS  0|AC  0|TAMS 0x00000005da400000, 0x00000005da400000|
| 189|0x00000005da600000, 0x00000005da600000, 0x00000005da800000|  0%| F|  |TS  0|AC  0|TAMS 0x00000005da600000, 0x00000005da600000|
| 190|0x00000005da800000, 0x00000005da800000, 0x00000005daa00000|  0%| F|  |TS  0|AC  0|TAMS 0x00000005da800000, 0x00000005da800000|
| 191|0x00000005daa00000, 0x00000005daa00000, 0x00000005dac00000|  0%| F|  |TS  0|AC  0|TAMS 0x00000005daa00000, 0x00000005daa00000|
| 192|0x00000005dac00000, 0x00000005dac00000, 0x00000005dae00000|  0%| F|  |TS  0|AC  0|TAMS 0x00000005dac00000, 0x00000005dac00000|
| 193|0x00000005dae00000, 0x00000005dae00000, 0x00000005db000000|  0%| F|  |TS  0|AC  0|TAMS 0x00000005dae00000, 0x00000005dae00000|
| 194|0x00000005db000000, 0x00000005db000000, 0x00000005db200000|  0%| F|  |TS  0|AC  0|TAMS 0x00000005db000000, 0x00000005db000000|
| 195|0x00000005db200000, 0x00000005db200000, 0x00000005db400000|  0%| F|  |TS  0|AC  0|TAMS 0x00000005db200000, 0x00000005db200000|
| 196|0x00000005db400000, 0x00000005db400000, 0x00000005db600000|  0%| F|  |TS  0|AC  0|TAMS 0x00000005db400000, 0x00000005db400000|
| 197|0x00000005db600000, 0x00000005db600000, 0x00000005db800000|  0%| F|  |TS  0|AC  0|TAMS 0x00000005db600000, 0x00000005db600000|
| 198|0x00000005db800000, 0x00000005db800000, 0x00000005dba00000|  0%| F|  |TS  0|AC  0|TAMS 0x00000005db800000, 0x00000005db800000|
| 199|0x00000005dba00000, 0x00000005dba00000, 0x00000005dbc00000|  0%| F|  |TS  0|AC  0|TAMS 0x00000005dba00000, 0x00000005dba00000|
| 200|0x00000005dbc00000, 0x00000005dbc00000, 0x00000005dbe00000|  0%| F|  |TS  0|AC  0|TAMS 0x00000005dbc00000, 0x00000005dbc00000|
| 201|0x00000005dbe00000, 0x00000005dbe00000, 0x00000005dc000000|  0%| F|  |TS  0|AC  0|TAMS 0x00000005dbe00000, 0x00000005dbe00000|
| 202|0x00000005dc000000, 0x00000005dc000000, 0x00000005dc200000|  0%| F|  |TS  0|AC  0|TAMS 0x00000005dc000000, 0x00000005dc000000|
| 203|0x00000005dc200000, 0x00000005dc200000, 0x00000005dc400000|  0%| F|  |TS  0|AC  0|TAMS 0x00000005dc200000, 0x00000005dc200000|
| 204|0x00000005dc400000, 0x00000005dc400000, 0x00000005dc600000|  0%| F|  |TS  0|AC  0|TAMS 0x00000005dc400000, 0x00000005dc400000|
| 205|0x00000005dc600000, 0x00000005dc600000, 0x00000005dc800000|  0%| F|  |TS  0|AC  0|TAMS 0x00000005dc600000, 0x00000005dc600000|
| 206|0x00000005dc800000, 0x00000005dc800000, 0x00000005dca00000|  0%| F|  |TS  0|AC  0|TAMS 0x00000005dc800000, 0x00000005dc800000|
| 207|0x00000005dca00000, 0x00000005dca00000, 0x00000005dcc00000|  0%| F|  |TS  0|AC  0|TAMS 0x00000005dca00000, 0x00000005dca00000|
| 208|0x00000005dcc00000, 0x00000005dcc00000, 0x00000005dce00000|  0%| F|  |TS  0|AC  0|TAMS 0x00000005dcc00000, 0x00000005dcc00000|
| 209|0x00000005dce00000, 0x00000005dce00000, 0x00000005dd000000|  0%| F|  |TS  0|AC  0|TAMS 0x00000005dce00000, 0x00000005dce00000|
| 210|0x00000005dd000000, 0x00000005dd000000, 0x00000005dd200000|  0%| F|  |TS  0|AC  0|TAMS 0x00000005dd000000, 0x00000005dd000000|
| 211|0x00000005dd200000, 0x00000005dd200000, 0x00000005dd400000|  0%| F|  |TS  0|AC  0|TAMS 0x00000005dd200000, 0x00000005dd200000|
| 212|0x00000005dd400000, 0x00000005dd400000, 0x00000005dd600000|  0%| F|  |TS  0|AC  0|TAMS 0x00000005dd400000, 0x00000005dd400000|
| 213|0x00000005dd600000, 0x00000005dd600000, 0x00000005dd800000|  0%| F|  |TS  0|AC  0|TAMS 0x00000005dd600000, 0x00000005dd600000|
| 214|0x00000005dd800000, 0x00000005dd800000, 0x00000005dda00000|  0%| F|  |TS  0|AC  0|TAMS 0x00000005dd800000, 0x00000005dd800000|
| 215|0x00000005dda00000, 0x00000005dda00000, 0x00000005ddc00000|  0%| F|  |TS  0|AC  0|TAMS 0x00000005dda00000, 0x00000005dda00000|
| 216|0x00000005ddc00000, 0x00000005ddc00000, 0x00000005dde00000|  0%| F|  |TS  0|AC  0|TAMS 0x00000005ddc00000, 0x00000005ddc00000|
| 217|0x00000005dde00000, 0x00000005dde00000, 0x00000005de000000|  0%| F|  |TS  0|AC  0|TAMS 0x00000005dde00000, 0x00000005dde00000|
| 218|0x00000005de000000, 0x00000005de000000, 0x00000005de200000|  0%| F|  |TS  0|AC  0|TAMS 0x00000005de000000, 0x00000005de000000|
| 219|0x00000005de200000, 0x00000005de200000, 0x00000005de400000|  0%| F|  |TS  0|AC  0|TAMS 0x00000005de200000, 0x00000005de200000|
| 220|0x00000005de400000, 0x00000005de400000, 0x00000005de600000|  0%| F|  |TS  0|AC  0|TAMS 0x00000005de400000, 0x00000005de400000|
| 221|0x00000005de600000, 0x00000005de600000, 0x00000005de800000|  0%| F|  |TS  0|AC  0|TAMS 0x00000005de600000, 0x00000005de600000|
| 222|0x00000005de800000, 0x00000005de800000, 0x00000005dea00000|  0%| F|  |TS  0|AC  0|TAMS 0x00000005de800000, 0x00000005de800000|
| 223|0x00000005dea00000, 0x00000005dea00000, 0x00000005dec00000|  0%| F|  |TS  0|AC  0|TAMS 0x00000005dea00000, 0x00000005dea00000|
| 224|0x00000005dec00000, 0x00000005dec00000, 0x00000005dee00000|  0%| F|  |TS  0|AC  0|TAMS 0x00000005dec00000, 0x00000005dec00000|
| 225|0x00000005dee00000, 0x00000005dee00000, 0x00000005df000000|  0%| F|  |TS  0|AC  0|TAMS 0x00000005dee00000, 0x00000005dee00000|
| 226|0x00000005df000000, 0x00000005df000000, 0x00000005df200000|  0%| F|  |TS  0|AC  0|TAMS 0x00000005df000000, 0x00000005df000000|
| 227|0x00000005df200000, 0x00000005df200000, 0x00000005df400000|  0%| F|  |TS  0|AC  0|TAMS 0x00000005df200000, 0x00000005df200000|
| 228|0x00000005df400000, 0x00000005df400000, 0x00000005df600000|  0%| F|  |TS  0|AC  0|TAMS 0x00000005df400000, 0x00000005df400000|
| 229|0x00000005df600000, 0x00000005df600000, 0x00000005df800000|  0%| F|  |TS  0|AC  0|TAMS 0x00000005df600000, 0x00000005df600000|
| 230|0x00000005df800000, 0x00000005df800000, 0x00000005dfa00000|  0%| F|  |TS  0|AC  0|TAMS 0x00000005df800000, 0x00000005df800000|
| 231|0x00000005dfa00000, 0x00000005dfa00000, 0x00000005dfc00000|  0%| F|  |TS  0|AC  0|TAMS 0x00000005dfa00000, 0x00000005dfa00000|
| 232|0x00000005dfc00000, 0x00000005dfc00000, 0x00000005dfe00000|  0%| F|  |TS  0|AC  0|TAMS 0x00000005dfc00000, 0x00000005dfc00000|
| 233|0x00000005dfe00000, 0x00000005dfe00000, 0x00000005e0000000|  0%| F|  |TS  0|AC  0|TAMS 0x00000005dfe00000, 0x00000005dfe00000|
| 234|0x00000005e0000000, 0x00000005e0000000, 0x00000005e0200000|  0%| F|  |TS  0|AC  0|TAMS 0x00000005e0000000, 0x00000005e0000000|
| 235|0x00000005e0200000, 0x00000005e0200000, 0x00000005e0400000|  0%| F|  |TS  0|AC  0|TAMS 0x00000005e0200000, 0x00000005e0200000|
| 236|0x00000005e0400000, 0x00000005e0400000, 0x00000005e0600000|  0%| F|  |TS  0|AC  0|TAMS 0x00000005e0400000, 0x00000005e0400000|
| 237|0x00000005e0600000, 0x00000005e0600000, 0x00000005e0800000|  0%| F|  |TS  0|AC  0|TAMS 0x00000005e0600000, 0x00000005e0600000|
| 238|0x00000005e0800000, 0x00000005e0800000, 0x00000005e0a00000|  0%| F|  |TS  0|AC  0|TAMS 0x00000005e0800000, 0x00000005e0800000|
| 239|0x00000005e0a00000, 0x00000005e0a00000, 0x00000005e0c00000|  0%| F|  |TS  0|AC  0|TAMS 0x00000005e0a00000, 0x00000005e0a00000|
| 240|0x00000005e0c00000, 0x00000005e0c00000, 0x00000005e0e00000|  0%| F|  |TS  0|AC  0|TAMS 0x00000005e0c00000, 0x00000005e0c00000|
| 241|0x00000005e0e00000, 0x00000005e0e00000, 0x00000005e1000000|  0%| F|  |TS  0|AC  0|TAMS 0x00000005e0e00000, 0x00000005e0e00000|
| 242|0x00000005e1000000, 0x00000005e1000000, 0x00000005e1200000|  0%| F|  |TS  0|AC  0|TAMS 0x00000005e1000000, 0x00000005e1000000|
| 243|0x00000005e1200000, 0x00000005e1200000, 0x00000005e1400000|  0%| F|  |TS  0|AC  0|TAMS 0x00000005e1200000, 0x00000005e1200000|
| 244|0x00000005e1400000, 0x00000005e1400000, 0x00000005e1600000|  0%| F|  |TS  0|AC  0|TAMS 0x00000005e1400000, 0x00000005e1400000|
| 245|0x00000005e1600000, 0x00000005e1600000, 0x00000005e1800000|  0%| F|  |TS  0|AC  0|TAMS 0x00000005e1600000, 0x00000005e1600000|
| 246|0x00000005e1800000, 0x00000005e1800000, 0x00000005e1a00000|  0%| F|  |TS  0|AC  0|TAMS 0x00000005e1800000, 0x00000005e1800000|
| 247|0x00000005e1a00000, 0x00000005e1a00000, 0x00000005e1c00000|  0%| F|  |TS  0|AC  0|TAMS 0x00000005e1a00000, 0x00000005e1a00000|
| 248|0x00000005e1c00000, 0x00000005e1c00000, 0x00000005e1e00000|  0%| F|  |TS  0|AC  0|TAMS 0x00000005e1c00000, 0x00000005e1c00000|
| 249|0x00000005e1e00000, 0x00000005e1e00000, 0x00000005e2000000|  0%| F|  |TS  0|AC  0|TAMS 0x00000005e1e00000, 0x00000005e1e00000|
| 250|0x00000005e2000000, 0x00000005e2181570, 0x00000005e2200000| 75%| E|  |TS  0|AC  0|TAMS 0x00000005e2000000, 0x00000005e2000000|
| 251|0x00000005e2200000, 0x00000005e2400000, 0x00000005e2400000|100%| E|CS|TS  0|AC  0|TAMS 0x00000005e2200000, 0x00000005e2200000|
| 252|0x00000005e2400000, 0x00000005e2600000, 0x00000005e2600000|100%| E|CS|TS  0|AC  0|TAMS 0x00000005e2400000, 0x00000005e2400000|
| 253|0x00000005e2600000, 0x00000005e2800000, 0x00000005e2800000|100%| E|CS|TS  0|AC  0|TAMS 0x00000005e2600000, 0x00000005e2600000|
| 254|0x00000005e2800000, 0x00000005e2a00000, 0x00000005e2a00000|100%| E|CS|TS  0|AC  0|TAMS 0x00000005e2800000, 0x00000005e2800000|

Card table byte_map: [0x0000026a603d0000,0x0000026a613c0000] byte_map_base: 0x0000026a5d5ba000

Marking Bits (Prev, Next): (CMBitMap*) 0x0000026a42ea9610, (CMBitMap*) 0x0000026a42ea9648
 Prev Bits: [0x0000026a623b0000, 0x0000026a6a300000)
 Next Bits: [0x0000026a6a300000, 0x0000026a72250000)

Polling page: 0x0000026a42dc0000

CodeHeap 'non-profiled nmethods': size=120000Kb used=213Kb max_used=213Kb free=119786Kb
 bounds [0x0000026a57450000, 0x0000026a576c0000, 0x0000026a5e980000]
CodeHeap 'profiled nmethods': size=120000Kb used=925Kb max_used=925Kb free=119074Kb
 bounds [0x0000026a4ff20000, 0x0000026a50190000, 0x0000026a57450000]
CodeHeap 'non-nmethods': size=5760Kb used=1146Kb max_used=1149Kb free=4614Kb
 bounds [0x0000026a4f980000, 0x0000026a4fbf0000, 0x0000026a4ff20000]
 total_blobs=1073 nmethods=560 adapters=280
 compilation: enabled

Compilation events (10 events):
Event: 0.509 Thread 0x0000026a750b9000  558       3       com.intellij.rt.execution.junit.MapSerializerUtil$1::escape (124 bytes)
Event: 0.510 Thread 0x0000026a750b9000 nmethod 558 0x0000026a50005790 code [0x0000026a50005960, 0x0000026a50005bd8]
Event: 0.510 Thread 0x0000026a750b2800 nmethod 550 0x0000026a57483010 code [0x0000026a574831c0, 0x0000026a57483518]
Event: 0.510 Thread 0x0000026a750b9000  559       3       java.lang.String::equalsIgnoreCase (45 bytes)
Event: 0.510 Thread 0x0000026a750b9000 nmethod 559 0x0000026a50005c90 code [0x0000026a50005ea0, 0x0000026a50006470]
Event: 0.511 Thread 0x0000026a7504e800 nmethod 527 0x0000026a57483710 code [0x0000026a57483940, 0x0000026a57484d50]
Event: 0.515 Thread 0x0000026a750b9000  560       3       java.lang.AbstractStringBuilder::appendChars (133 bytes)
Event: 0.515 Thread 0x0000026a750b9000 nmethod 560 0x0000026a50006690 code [0x0000026a500068c0, 0x0000026a50006f60]
Event: 0.515 Thread 0x0000026a750b9000  561       3       java.lang.StringBuilder::append (10 bytes)
Event: 0.516 Thread 0x0000026a750b9000 nmethod 561 0x0000026a50007210 code [0x0000026a500073c0, 0x0000026a50007590]

GC Heap History (0 events):
No events

Deoptimization events (10 events):
Event: 0.194 Thread 0x0000026a42e03000 Uncommon trap: reason=unstable_if action=reinterpret pc=0x0000026a57454114 method=java.lang.String.hashCode()I @ 14 c2
Event: 0.210 Thread 0x0000026a42e03000 Uncommon trap: reason=unstable_if action=reinterpret pc=0x0000026a57451ffc method=java.lang.String.isLatin1()Z @ 10 c2
Event: 0.242 Thread 0x0000026a42e03000 Uncommon trap: reason=unstable_if action=reinterpret pc=0x0000026a5745d7b8 method=java.util.HashMap.putVal(ILjava/lang/Object;Ljava/lang/Object;ZZ)Ljava/lang/Object; @ 69 c2
Event: 0.284 Thread 0x0000026a42e03000 Uncommon trap: reason=unstable_if action=reinterpret pc=0x0000026a57461a84 method=java.lang.String.charAt(I)C @ 4 c2
Event: 0.419 Thread 0x0000026a42e03000 Uncommon trap: reason=unstable_fused_if action=reinterpret pc=0x0000026a57461170 method=java.util.HashMap.resize()[Ljava/util/HashMap$Node; @ 31 c2
Event: 0.462 Thread 0x0000026a42e03000 Uncommon trap: reason=bimorphic_or_optimized_type_check action=maybe_recompile pc=0x0000026a574781f0 method=java.util.HashMap.getNode(ILjava/lang/Object;)Ljava/util/HashMap$Node; @ 126 c2
Event: 0.482 Thread 0x0000026a42e03000 Uncommon trap: reason=class_check action=maybe_recompile pc=0x0000026a57479ad8 method=java.util.HashMap.putVal(ILjava/lang/Object;Ljava/lang/Object;ZZ)Ljava/lang/Object; @ 91 c2
Event: 0.482 Thread 0x0000026a42e03000 Uncommon trap: reason=class_check action=maybe_recompile pc=0x0000026a57479ad8 method=java.util.HashMap.putVal(ILjava/lang/Object;Ljava/lang/Object;ZZ)Ljava/lang/Object; @ 91 c2
Event: 0.482 Thread 0x0000026a42e03000 Uncommon trap: reason=class_check action=maybe_recompile pc=0x0000026a57479ad8 method=java.util.HashMap.putVal(ILjava/lang/Object;Ljava/lang/Object;ZZ)Ljava/lang/Object; @ 91 c2
Event: 0.482 Thread 0x0000026a42e03000 Uncommon trap: reason=class_check action=maybe_recompile pc=0x0000026a57479ad8 method=java.util.HashMap.putVal(ILjava/lang/Object;Ljava/lang/Object;ZZ)Ljava/lang/Object; @ 91 c2

Classes redefined (9 events):
Event: 109.807 Thread 0x0000026a7503b000 redefined class name=TestDataHandler, count=1
Event: 206.473 Thread 0x0000026a7503b000 redefined class name=training.supportbank.DataHandler, count=1
Event: 2242.623 Thread 0x0000026a7503b000 redefined class name=training.supportbank.DataHandler, count=2
Event: 2482.823 Thread 0x0000026a7503b000 redefined class name=TestDataHandler, count=2
Event: 2482.824 Thread 0x0000026a7503b000 redefined class name=training.supportbank.DataHandler, count=3
Event: 2698.330 Thread 0x0000026a7503b000 redefined class name=TestDataHandler, count=3
Event: 2748.425 Thread 0x0000026a7503b000 redefined class name=TestDataHandler, count=4
Event: 2780.088 Thread 0x0000026a7503b000 redefined class name=TestDataHandler, count=5
Event: 2824.886 Thread 0x0000026a7503b000 redefined class name=TestDataHandler, count=6

Internal exceptions (6 events):
Event: 0.298 Thread 0x0000026a42e03000 Exception <a 'java/io/FileNotFoundException'{0x00000005e27e7998}> (0x00000005e27e7998) thrown at [t:/workspace/open/src/hotspot/share/prims/jni.cpp, line 611]
Event: 0.354 Thread 0x0000026a42e03000 Exception <a 'java/lang/NoSuchMethodError'{0x00000005e2504738}: java.lang.invoke.DirectMethodHandle$Holder.invokeInterface(Ljava/lang/Object;Ljava/lang/Object;)Ljava/lang/Object;> (0x00000005e2504738) thrown at [t:/workspace/open/src/hotspot/share/interpr
Event: 0.360 Thread 0x0000026a42e03000 Exception <a 'java/lang/NoSuchMethodError'{0x00000005e25232f0}: method resolution failed> (0x00000005e25232f0) thrown at [t:/workspace/open/src/hotspot/share/prims/methodHandles.cpp, line 1226]
Event: 0.401 Thread 0x0000026a42e03000 Exception <a 'java/lang/NoSuchMethodError'{0x00000005e25d6048}: java.lang.Object.lambda$union$2(Ljava/util/regex/Pattern$CharPredicate;I)Z> (0x00000005e25d6048) thrown at [t:/workspace/open/src/hotspot/share/interpreter/linkResolver.cpp, line 741]
Event: 0.426 Thread 0x0000026a42e03000 Exception <a 'java/lang/NoSuchMethodError'{0x00000005e2289ff8}: java.lang.invoke.DirectMethodHandle$Holder.invokeStatic(Ljava/lang/Object;Ljava/lang/Object;)I> (0x00000005e2289ff8) thrown at [t:/workspace/open/src/hotspot/share/interpreter/linkResolver.cp
Event: 0.429 Thread 0x0000026a42e03000 Exception <a 'java/lang/NoSuchMethodError'{0x00000005e229a5a0}: java.lang.Object.of([Ljava/lang/Object;)Ljava/util/stream/Stream;> (0x00000005e229a5a0) thrown at [t:/workspace/open/src/hotspot/share/interpreter/linkResolver.cpp, line 741]

Events (10 events):
Event: 2824.888 Executing VM operation: GetFrameLocation done
Event: 2824.888 Executing VM operation: GetFrameLocation
Event: 2824.888 Executing VM operation: GetFrameLocation done
Event: 2824.916 Executing VM operation: GetFrameCount
Event: 2824.916 Executing VM operation: GetFrameCount done
Event: 2824.916 Executing VM operation: GetFrameLocation
Event: 2824.916 Executing VM operation: GetFrameLocation done
Event: 2824.917 Executing VM operation: GetFrameLocation
Event: 2824.917 Executing VM operation: GetFrameLocation done
Event: 2824.917 Executing VM operation: GetOrSetLocal


Dynamic libraries:
0x00007ff60e5a0000 - 0x00007ff60e5de000 	C:\Program Files\Java\jdk-10.0.1\bin\java.exe
0x00007ffb1b510000 - 0x00007ffb1b6f1000 	C:\WINDOWS\SYSTEM32\ntdll.dll
0x00007ffb1a2a0000 - 0x00007ffb1a352000 	C:\WINDOWS\System32\KERNEL32.DLL
0x00007ffb178e0000 - 0x00007ffb17b53000 	C:\WINDOWS\System32\KERNELBASE.dll
0x00007ffb1a930000 - 0x00007ffb1a9d1000 	C:\WINDOWS\System32\ADVAPI32.dll
0x00007ffb1a9e0000 - 0x00007ffb1aa7e000 	C:\WINDOWS\System32\msvcrt.dll
0x00007ffb1b3b0000 - 0x00007ffb1b40b000 	C:\WINDOWS\System32\sechost.dll
0x00007ffb1aa90000 - 0x00007ffb1abb4000 	C:\WINDOWS\System32\RPCRT4.dll
0x00007ffb18a50000 - 0x00007ffb18be0000 	C:\WINDOWS\System32\USER32.dll
0x00007ffb17da0000 - 0x00007ffb17dc0000 	C:\WINDOWS\System32\win32u.dll
0x00007ffb18e30000 - 0x00007ffb18e58000 	C:\WINDOWS\System32\GDI32.dll
0x00007ffb186b0000 - 0x00007ffb18842000 	C:\WINDOWS\System32\gdi32full.dll
0x00007ffb18900000 - 0x00007ffb1899f000 	C:\WINDOWS\System32\msvcp_win.dll
0x00007ffb185b0000 - 0x00007ffb186aa000 	C:\WINDOWS\System32\ucrtbase.dll
0x00007ffb07740000 - 0x00007ffb079a9000 	C:\WINDOWS\WinSxS\amd64_microsoft.windows.common-controls_6595b64144ccf1df_6.0.17134.81_none_b4b229fe3cb4cfa3\COMCTL32.dll
0x00007ffb11110000 - 0x00007ffb1111a000 	C:\WINDOWS\SYSTEM32\VERSION.dll
0x00007ffb1ae10000 - 0x00007ffb1b133000 	C:\WINDOWS\System32\combase.dll
0x00007ffb17dc0000 - 0x00007ffb17e3a000 	C:\WINDOWS\System32\bcryptPrimitives.dll
0x00007ffb1b410000 - 0x00007ffb1b43d000 	C:\WINDOWS\System32\IMM32.DLL
0x00007ffb06340000 - 0x00007ffb0642f000 	C:\Program Files\Java\jdk-10.0.1\bin\msvcr120.dll
0x00007ffb07da0000 - 0x00007ffb07e46000 	C:\Program Files\Java\jdk-10.0.1\bin\msvcp120.dll
0x0000000053730000 - 0x00000000541a0000 	C:\Program Files\Java\jdk-10.0.1\bin\server\jvm.dll
0x00007ffb18be0000 - 0x00007ffb18be8000 	C:\WINDOWS\System32\PSAPI.DLL
0x00007ffb12af0000 - 0x00007ffb12b13000 	C:\WINDOWS\SYSTEM32\WINMM.dll
0x00007ffb0d0e0000 - 0x00007ffb0d0e9000 	C:\WINDOWS\SYSTEM32\WSOCK32.dll
0x00007ffb1b340000 - 0x00007ffb1b3ac000 	C:\WINDOWS\System32\WS2_32.dll
0x00007ffb12ac0000 - 0x00007ffb12aea000 	C:\WINDOWS\SYSTEM32\WINMMBASE.dll
0x00007ffb17d50000 - 0x00007ffb17d99000 	C:\WINDOWS\System32\cfgmgr32.dll
0x00007ffb141c0000 - 0x00007ffb141cf000 	C:\Program Files\Java\jdk-10.0.1\bin\verify.dll
0x00007ffb098d0000 - 0x00007ffb09a99000 	C:\WINDOWS\SYSTEM32\DBGHELP.DLL
0x00007ffb09840000 - 0x00007ffb09869000 	C:\WINDOWS\SYSTEM32\dbgcore.DLL
0x00007ffb107c0000 - 0x00007ffb107e7000 	C:\Program Files\Java\jdk-10.0.1\bin\java.dll
0x00007ffb06280000 - 0x00007ffb062b6000 	C:\Program Files\Java\jdk-10.0.1\bin\jdwp.dll
0x00007ffb09770000 - 0x00007ffb0979a000 	C:\Program Files\Java\jdk-10.0.1\bin\instrument.dll
0x00007ffb10780000 - 0x00007ffb10796000 	C:\Program Files\Java\jdk-10.0.1\bin\zip.dll
0x00007ffb141b0000 - 0x00007ffb141ba000 	C:\Program Files\Java\jdk-10.0.1\bin\jimage.dll
0x00007ffb18e60000 - 0x00007ffb1a2a0000 	C:\WINDOWS\System32\SHELL32.dll
0x00007ffb189a0000 - 0x00007ffb18a49000 	C:\WINDOWS\System32\shcore.dll
0x00007ffb17e40000 - 0x00007ffb1854d000 	C:\WINDOWS\System32\windows.storage.dll
0x00007ffb1b140000 - 0x00007ffb1b191000 	C:\WINDOWS\System32\shlwapi.dll
0x00007ffb178c0000 - 0x00007ffb178d1000 	C:\WINDOWS\System32\kernel.appcore.dll
0x00007ffb17870000 - 0x00007ffb1788f000 	C:\WINDOWS\System32\profapi.dll
0x00007ffb17820000 - 0x00007ffb1786c000 	C:\WINDOWS\System32\powrprof.dll
0x00007ffb178b0000 - 0x00007ffb178ba000 	C:\WINDOWS\System32\FLTLIB.DLL
0x00007ffb10720000 - 0x00007ffb1072a000 	C:\Program Files\Java\jdk-10.0.1\bin\dt_socket.dll
0x00007ffb170a0000 - 0x00007ffb17106000 	C:\WINDOWS\system32\mswsock.dll
0x00007ffb10760000 - 0x00007ffb1077a000 	C:\Program Files\Java\jdk-10.0.1\bin\net.dll
0x00007ffb14600000 - 0x00007ffb146dd000 	C:\WINDOWS\SYSTEM32\WINHTTP.dll
0x00007ffb0fb80000 - 0x00007ffb0fb91000 	C:\Program Files\Java\jdk-10.0.1\bin\nio.dll

dbghelp: loaded successfully - version: 4.0.5 - missing functions: none
symbol engine: initialized successfully - sym options: 0x614 - pdb path: .;C:\Program Files\Java\jdk-10.0.1\bin;C:\WINDOWS\SYSTEM32;C:\WINDOWS\WinSxS\amd64_microsoft.windows.common-controls_6595b64144ccf1df_6.0.17134.81_none_b4b229fe3cb4cfa3;C:\Program Files\Java\jdk-10.0.1\bin\server

VM Arguments:
jvm_args: -agentlib:jdwp=transport=dt_socket,address=127.0.0.1:65304,suspend=y,server=n -ea -Didea.test.cyclic.buffer.size=1048576 -javaagent:C:\Users\jng\AppData\Local\Temp\capture2jars\debugger-agent.jar=file:/C:/Users/jng/AppData/Local/Temp/capture.props -Dfile.encoding=UTF-8 
java_command: com.intellij.rt.execution.junit.JUnitStarter -ideVersion5 -junit4 TestDataHandler,calculateBalanceReturnsTotalOwedPerPerson
java_class_path (initial): C:\Program Files\JetBrains\IntelliJ IDEA 2018.1.4\lib\idea_rt.jar;C:\Program Files\JetBrains\IntelliJ IDEA 2018.1.4\plugins\junit\lib\junit-rt.jar;C:\Program Files\JetBrains\IntelliJ IDEA 2018.1.4\plugins\junit\lib\junit5-rt.jar;C:\Users\jng\Documents\Work\Training\SupportBank\target\test-classes;C:\Users\jng\Documents\Work\Training\SupportBank\target\classes;C:\Users\jng\.m2\repository\org\assertj\assertj-core\3.10.0\assertj-core-3.10.0.jar;C:\Users\jng\.m2\repository\com\github\stefanbirkner\system-rules\1.18.0\system-rules-1.18.0.jar;C:\Users\jng\.m2\repository\junit\junit\4.11-beta-1\junit-4.11-beta-1.jar;C:\Users\jng\.m2\repository\org\hamcrest\hamcrest-core\1.3\hamcrest-core-1.3.jar;C:\Users\jng\.m2\repository\org\mockito\mockito-core\2.19.0\mockito-core-2.19.0.jar;C:\Users\jng\.m2\repository\net\bytebuddy\byte-buddy\1.8.10\byte-buddy-1.8.10.jar;C:\Users\jng\.m2\repository\net\bytebuddy\byte-buddy-agent\1.8.10\byte-buddy-agent-1.8.10.jar;C:\Users\jng\.m2\repository\org\objenesis\objenesis\2.6\objenesis-2.6.jar;C:\Users\jng\.m2\repository\org\junit\jupiter\junit-jupiter-api\5.2.0\junit-jupiter-api-5.2.0.jar;C:\Users\jng\.m2\repository\org\apiguardian\apiguardian-api\1.0.0\apiguardian-api-1.0.0.jar;C:\Users\jng\.m2\repository\org\opentest4j\opentest4j\1.1.0\opentest4j-1.1.0.jar;C:\Users\jng\.m2\repository\org\junit\platform\junit-platform-commons\1.2.0\junit-platform-commons-1.2.0.jar
Launcher Type: SUN_STANDARD

Logging:
Log output configuration:
#0: stdout all=warning uptime,level,tags
#1: stderr all=off uptime,level,tags

Environment Variables:
PATH=C:\Program Files (x86)\Common Files\Oracle\Java\javapath;C:\WINDOWS\system32;C:\WINDOWS;C:\WINDOWS\System32\Wbem;C:\WINDOWS\System32\WindowsPowerShell\v1.0\;C:\WINDOWS\System32\OpenSSH\;C:\Program Files\PuTTY\;C:\Users\jng\AppData\Local\Microsoft\WindowsApps;
USERNAME=jng
OS=Windows_NT
PROCESSOR_IDENTIFIER=Intel64 Family 6 Model 158 Stepping 9, GenuineIntel



---------------  S Y S T E M  ---------------

OS: Windows 10 , 64 bit Build 17134 (10.0.17134.1)

CPU:total 8 (initial active 8) (4 cores per cpu, 2 threads per core) family 6 model 158 stepping 9, cmov, cx8, fxsr, mmx, sse, sse2, sse3, ssse3, sse4.1, sse4.2, popcnt, avx, avx2, aes, clmul, erms, 3dnowpref, lzcnt, ht, tsc, tscinvbit, bmi1, bmi2, adx, fma

Memory: 4k page, physical 33371440k(22607900k free), swap 38352176k(22132464k free)

vm_info: Java HotSpot(TM) 64-Bit Server VM (10.0.1+10) for windows-amd64 JRE (10.0.1+10), built on Mar 27 2018 02:27:48 by "mach5one" with MS VC++ 12.0 (VS2013)

END.
